remove null: 0
remove spaces: 0

Stockfish 16.1 by the Stockfish developers (see AUTHORS file)
id name Stockfish 16.1
id author the Stockfish developers (see AUTHORS file)

option name Debug Log File type string default 
option name Threads type spin default 1 min 1 max 1024
option name Hash type spin default 16 min 1 max 33554432
option name Clear Hash type button
option name Ponder type check default false
option name MultiPV type spin default 1 min 1 max 256
option name Skill Level type spin default 20 min 0 max 20
option name Move Overhead type spin default 10 min 0 max 5000
option name nodestime type spin default 0 min 0 max 10000
option name UCI_Chess960 type check default false
option name UCI_LimitStrength type check default false
option name UCI_Elo type spin default 1320 min 1320 max 3190
option name UCI_ShowWDL type check default false
option name SyzygyPath type string default <empty>
option name SyzygyProbeDepth type spin default 1 min 1 max 100
option name Syzygy50MoveRule type check default true
option name SyzygyProbeLimit type spin default 7 min 0 max 7
option name EvalFile type string default nn-b1a57edbea57.nnue
option name EvalFileSmall type string default nn-baff1ede1f90.nnue
uciok
readyok
info string NNUE evaluation using nn-baff1ede1f90.nnue
info string NNUE evaluation using nn-b1a57edbea57.nnue


 NNUE derived piece values:
+-------+-------+-------+-------+-------+-------+-------+-------+
|   r   |   n   |   b   |   q   |   k   |   b   |   n   |   r   |
| -3.94 | -3.07 | -3.92 | -9.59 |       | -3.54 | -3.37 | -4.37 |
+-------+-------+-------+-------+-------+-------+-------+-------+
|   p   |   p   |   p   |       |   p   |       |   p   |   p   |
| -0.27 | -0.87 | -0.77 |       | -0.51 |       | -1.72 | -0.42 |
+-------+-------+-------+-------+-------+-------+-------+-------+
|       |       |       |       |       |   P   |       |       |
|       |       |       |       |       | -0.10 |       |       |
+-------+-------+-------+-------+-------+-------+-------+-------+
|       |       |       |   p   |       |       |       |       |
|       |       |       | -1.23 |       |       |       |       |
+-------+-------+-------+-------+-------+-------+-------+-------+
|       |       |       |       |       |       |       |       |
|       |       |       |       |       |       |       |       |
+-------+-------+-------+-------+-------+-------+-------+-------+
|       |       |       |       |       |       |       |       |
|       |       |       |       |       |       |       |       |
+-------+-------+-------+-------+-------+-------+-------+-------+
|   P   |   P   |   P   |   P   |       |   P   |   P   |   P   |
| +0.23 | +0.67 | +0.87 | +0.33 |       | +0.89 | +1.33 | +0.27 |
+-------+-------+-------+-------+-------+-------+-------+-------+
|   R   |   N   |   B   |   Q   |   K   |   B   |   N   |   R   |
| +4.53 | +3.33 | +4.35 | +8.85 |       | +3.99 | +3.61 | +4.91 |
+-------+-------+-------+-------+-------+-------+-------+-------+

 NNUE network contributions (Black to move)
+------------+------------+------------+------------+
|   Bucket   |  Material  | Positional |   Total    |
|            |   (PSQT)   |  (Layers)  |            |
+------------+------------+------------+------------+
|  0         |  +  0.19   |  -  0.20   |  -  0.00   |
|  1         |  -  0.48   |  +  1.10   |  +  0.62   |
|  2         |  -  0.59   |  +  1.02   |  +  0.42   |
|  3         |  -  0.61   |  +  0.80   |  +  0.19   |
|  4         |  -  0.59   |  +  0.97   |  +  0.37   |
|  5         |  -  0.61   |  +  0.84   |  +  0.22   |
|  6         |  -  0.61   |  +  0.80   |  +  0.18   |
|  7         |  -  0.53   |  +  0.80   |  +  0.27   | <-- this bucket is used
+------------+------------+------------+------------+

NNUE evaluation        -0.27 (white side)
-0.27
Final evaluation       -0.35 (white side) [with scaled NNUE, ...]
-0.35


