>> setoption name multipv value 3
>> position fen rnbqkbnr/pppppppp/8/8/4P3/8/PPPP1PPP/RNBQKBNR b KQkq e3 0 1 moves d7d5 e4e5 f7f5 e5f6    
>> evalinfo string NNUE evaluation using nn-baff1ede1f90.nnue
<< info string NNUE evaluation using nn-b1a57edbea57.nnue
<< 
<< 
<<  NNUE derived piece values:
<< +-------+-------+-------+-------+-------+-------+-------+-------+
<< |   r   |   n   |   b   |   q   |   k   |   b   |   n   |   r   |
<< | -3.94 | -3.07 | -3.92 | -9.59 |       | -3.54 | -3.37 | -4.37 |
<< +-------+-------+-------+-------+-------+-------+-------+-------+
<< |   p   |   p   |   p   |       |   p   |       |   p   |   p   |
<< | -0.27 | -0.87 | -0.77 |       | -0.51 |       | -1.72 | -0.42 |
<< +-------+-------+-------+-------+-------+-------+-------+-------+
<< |       |       |       |       |       |   P   |       |       |
<< |       |       |       |       |       | -0.10 |       |       |
<< +-------+-------+-------+-------+-------+-------+-------+-------+
<< |       |       |       |   p   |       |       |       |       |
<< |       |       |       | -1.23 |       |       |       |       |
<< +-------+-------+-------+-------+-------+-------+-------+-------+
<< |       |       |       |       |       |       |       |       |
<< |       |       |       |       |       |       |       |       |
<< +-------+-------+-------+-------+-------+-------+-------+-------+
<< |       |       |       |       |       |       |       |       |
<< |       |       |       |       |       |       |       |       |
<< +-------+-------+-------+-------+-------+-------+-------+-------+
<< |   P   |   P   |   P   |   P   |       |   P   |   P   |   P   |
<< | +0.23 | +0.67 | +0.87 | +0.33 |       | +0.89 | +1.33 | +0.27 |
<< +-------+-------+-------+-------+-------+-------+-------+-------+
<< |   R   |   N   |   B   |   Q   |   K   |   B   |   N   |   R   |
<< | +4.53 | +3.33 | +4.35 | +8.85 |       | +3.99 | +3.61 | +4.91 |
<< +-------+-------+-------+-------+-------+-------+-------+-------+
<< 
<<  NNUE network contributions (Black to move)
<< +------------+------------+------------+------------+
<< |   Bucket   |  Material  | Positional |   Total    |
<< |            |   (PSQT)   |  (Layers)  |            |
<< +------------+------------+------------+------------+
<< |  0         |  +  0.19   |  -  0.20   |  -  0.00   |
<< |  1         |  -  0.48   |  +  1.10   |  +  0.62   |
<< |  2         |  -  0.59   |  +  1.02   |  +  0.42   |
<< |  3         |  -  0.61   |  +  0.80   |  +  0.19   |
<< |  4         |  -  0.59   |  +  0.97   |  +  0.37   |
<< |  5         |  -  0.61   |  +  0.84   |  +  0.22   |
<< |  6         |  -  0.61   |  +  0.80   |  +  0.18   |
<< |  7         |  -  0.53   |  +  0.80   |  +  0.27   | <-- this bucket is used
<< +------------+------------+------------+------------+
<< 
<< NNUE evaluation        -0.27 (white side)
<< Final evaluation       -0.35 (white side) [with scaled NNUE, ...]
<< 
