Here are all program logs since the last compile

Launched: Tue Mar 19 15:34:51 2024

Process exited: Tue Mar 19 15:35:30 2024


Launched: Tue Mar 19 15:35:32 2024

Evaluation:
	startpos
	
Evaluation:
	startpos
	moves
		a2a3
Evaluation:
	startpos
	moves
		a2a3
		a7a6
Evaluation:
	startpos
	moves
		a2a3
		a7a6
		b2b3
Evaluation:
	startpos
	moves
		a2a3
		a7a6
		b2b3
		a6a5
Evaluation:
	startpos
	moves
		a2a3
		a7a6
		b2b3
		a6a5
		c2c3
Evaluation:
	startpos
	moves
		a2a3
		a7a6
		b2b3
		a6a5
		c2c3
		a5a4
Evaluation:
	startpos
	moves
		a2a3
		a7a6
		b2b3
		a6a5
		c2c3
		a5a4
		d2d3
Evaluation:
	startpos
	moves
		a2a3
		a7a6
		b2b3
		a6a5
		c2c3
		a5a4
		d2d3
		b7b6
Evaluation:
	startpos
	moves
		a2a3
		a7a6
		b2b3
		a6a5
		c2c3
		a5a4
		d2d3
		b7b6
		e2e3
Evaluation:
	startpos
	moves
		a2a3
		a7a6
		b2b3
		a6a5
		c2c3
		a5a4
		d2d3
		b7b6
		e2e3
		b6b5
Evaluation:
	startpos
	moves
		a2a3
		a7a6
		b2b3
		a6a5
		c2c3
		a5a4
		d2d3
		b7b6
		e2e3
		b6b5
		f2f3
Evaluation:
	startpos
	moves
		a2a3
		a7a6
		b2b3
		a6a5
		c2c3
		a5a4
		d2d3
		b7b6
		e2e3
		b6b5
		f2f3
		b5b4
Evaluation:
	startpos
	moves
		a2a3
		a7a6
		b2b3
		a6a5
		c2c3
		a5a4
		d2d3
		b7b6
		e2e3
		b6b5
		f2f3
		b5b4
		g2g3
Evaluation:
	startpos
	moves
		a2a3
		a7a6
		b2b3
		a6a5
		c2c3
		a5a4
		d2d3
		b7b6
		e2e3
		b6b5
		f2f3
		b5b4
		g2g3
		c7c6
Evaluation:
	startpos
	moves
		a2a3
		a7a6
		b2b3
		a6a5
		c2c3
		a5a4
		d2d3
		b7b6
		e2e3
		b6b5
		f2f3
		b5b4
		g2g3
		c7c6
		h2h3
Evaluation:
	startpos
	moves
		a2a3
		a7a6
		b2b3
		a6a5
		c2c3
		a5a4
		d2d3
		b7b6
		e2e3
		b6b5
		f2f3
		b5b4
		g2g3
		c7c6
		h2h3
		c6c5
Evaluation:
	startpos
	moves
		a2a3
		a7a6
		b2b3
		a6a5
		c2c3
		a5a4
		d2d3
		b7b6
		e2e3
		b6b5
		f2f3
		b5b4
		g2g3
		c7c6
		h2h3
		c6c5
		c3c4
Evaluation:
	startpos
	moves
		a2a3
		a7a6
		b2b3
		a6a5
		c2c3
		a5a4
		d2d3
		b7b6
		e2e3
		b6b5
		f2f3
		b5b4
		g2g3
		c7c6
		h2h3
		c6c5
		c3c4
		d7d6
Evaluation:
	startpos
	moves
		a2a3
		a7a6
		b2b3
		a6a5
		c2c3
		a5a4
		d2d3
		b7b6
		e2e3
		b6b5
		f2f3
		b5b4
		g2g3
		c7c6
		h2h3
		c6c5
		c3c4
		d7d6
		d3d4
Evaluation:
	startpos
	moves
		a2a3
		a7a6
		b2b3
		a6a5
		c2c3
		a5a4
		d2d3
		b7b6
		e2e3
		b6b5
		f2f3
		b5b4
		g2g3
		c7c6
		h2h3
		c6c5
		c3c4
		d7d6
		d3d4
		d6d5
Evaluation:
	startpos
	moves
		a2a3
		a7a6
		b2b3
		a6a5
		c2c3
		a5a4
		d2d3
		b7b6
		e2e3
		b6b5
		f2f3
		b5b4
		g2g3
		c7c6
		h2h3
		c6c5
		c3c4
		d7d6
		d3d4
		d6d5
		e3e4
Evaluation:
	startpos
	moves
		a2a3
		a7a6
		b2b3
		a6a5
		c2c3
		a5a4
		d2d3
		b7b6
		e2e3
		b6b5
		f2f3
		b5b4
		g2g3
		c7c6
		h2h3
		c6c5
		c3c4
		d7d6
		d3d4
		d6d5
		e3e4
		e7e6
Evaluation:
	startpos
	moves
		a2a3
		a7a6
		b2b3
		a6a5
		c2c3
		a5a4
		d2d3
		b7b6
		e2e3
		b6b5
		f2f3
		b5b4
		g2g3
		c7c6
		h2h3
		c6c5
		c3c4
		d7d6
		d3d4
		d6d5
		e3e4
		e7e6
		f3f4
Evaluation:
	startpos
	moves
		a2a3
		a7a6
		b2b3
		a6a5
		c2c3
		a5a4
		d2d3
		b7b6
		e2e3
		b6b5
		f2f3
		b5b4
		g2g3
		c7c6
		h2h3
		c6c5
		c3c4
		d7d6
		d3d4
		d6d5
		e3e4
		e7e6
		f3f4
		e6e5
Evaluation:
	startpos
	moves
		a2a3
		a7a6
		b2b3
		a6a5
		c2c3
		a5a4
		d2d3
		b7b6
		e2e3
		b6b5
		f2f3
		b5b4
		g2g3
		c7c6
		h2h3
		c6c5
		c3c4
		d7d6
		d3d4
		d6d5
		e3e4
		e7e6
		f3f4
		e6e5
		g3g4
Evaluation:
	startpos
	moves
		a2a3
		a7a6
		b2b3
		a6a5
		c2c3
		a5a4
		d2d3
		b7b6
		e2e3
		b6b5
		f2f3
		b5b4
		g2g3
		c7c6
		h2h3
		c6c5
		c3c4
		d7d6
		d3d4
		d6d5
		e3e4
		e7e6
		f3f4
		e6e5
		g3g4
		f7f6
Evaluation:
	startpos
	moves
		a2a3
		a7a6
		b2b3
		a6a5
		c2c3
		a5a4
		d2d3
		b7b6
		e2e3
		b6b5
		f2f3
		b5b4
		g2g3
		c7c6
		h2h3
		c6c5
		c3c4
		d7d6
		d3d4
		d6d5
		e3e4
		e7e6
		f3f4
		e6e5
		g3g4
		f7f6
		h3h4
Evaluation:
	startpos
	moves
		a2a3
		a7a6
		b2b3
		a6a5
		c2c3
		a5a4
		d2d3
		b7b6
		e2e3
		b6b5
		f2f3
		b5b4
		g2g3
		c7c6
		h2h3
		c6c5
		c3c4
		d7d6
		d3d4
		d6d5
		e3e4
		e7e6
		f3f4
		e6e5
		g3g4
		f7f6
		h3h4
		f6f5
Evaluation:
	startpos
	moves
		a2a3
		a7a6
		b2b3
		a6a5
		c2c3
		a5a4
		d2d3
		b7b6
		e2e3
		b6b5
		f2f3
		b5b4
		g2g3
		c7c6
		h2h3
		c6c5
		c3c4
		d7d6
		d3d4
		d6d5
		e3e4
		e7e6
		f3f4
		e6e5
		g3g4
		f7f6
		h3h4
		f6f5
		g4g5
Evaluation:
	startpos
	moves
		a2a3
		a7a6
		b2b3
		a6a5
		c2c3
		a5a4
		d2d3
		b7b6
		e2e3
		b6b5
		f2f3
		b5b4
		g2g3
		c7c6
		h2h3
		c6c5
		c3c4
		d7d6
		d3d4
		d6d5
		e3e4
		e7e6
		f3f4
		e6e5
		g3g4
		f7f6
		h3h4
		f6f5
		g4g5
		g7g6
Evaluation:
	startpos
	moves
		a2a3
		a7a6
		b2b3
		a6a5
		c2c3
		a5a4
		d2d3
		b7b6
		e2e3
		b6b5
		f2f3
		b5b4
		g2g3
		c7c6
		h2h3
		c6c5
		c3c4
		d7d6
		d3d4
		d6d5
		e3e4
		e7e6
		f3f4
		e6e5
		g3g4
		f7f6
		h3h4
		f6f5
		g4g5
		g7g6
		h4h5
Evaluation:
	startpos
	moves
		a2a3
		a7a6
		b2b3
		a6a5
		c2c3
		a5a4
		d2d3
		b7b6
		e2e3
		b6b5
		f2f3
		b5b4
		g2g3
		c7c6
		h2h3
		c6c5
		c3c4
		d7d6
		d3d4
		d6d5
		e3e4
		e7e6
		f3f4
		e6e5
		g3g4
		f7f6
		h3h4
		f6f5
		g4g5
		g7g6
		h4h5
		h7h6
Evaluation:
	startpos
	moves
		a2a3
		a7a6
		b2b3
		a6a5
		c2c3
		a5a4
		d2d3
		b7b6
		e2e3
		b6b5
		f2f3
		b5b4
		g2g3
		c7c6
		h2h3
		c6c5
		c3c4
		d7d6
		d3d4
		d6d5
		e3e4
		e7e6
		f3f4
		e6e5
		g3g4
		f7f6
		h3h4
		f6f5
		g4g5
		g7g6
		h4h5
		h7h6
		a3b4
Evaluation:
	startpos
	moves
		a2a3
		a7a6
		b2b3
		a6a5
		c2c3
		a5a4
		d2d3
		b7b6
		e2e3
		b6b5
		f2f3
		b5b4
		g2g3
		c7c6
		h2h3
		c6c5
		c3c4
		d7d6
		d3d4
		d6d5
		e3e4
		e7e6
		f3f4
		e6e5
		g3g4
		f7f6
		h3h4
		f6f5
		g4g5
		g7g6
		h4h5
		h7h6
		a3b4
		a4a3
Evaluation:
	startpos
	moves
		a2a3
		a7a6
		b2b3
		a6a5
		c2c3
		a5a4
		d2d3
		b7b6
		e2e3
		b6b5
		f2f3
		b5b4
		g2g3
		c7c6
		h2h3
		c6c5
		c3c4
		d7d6
		d3d4
		d6d5
		e3e4
		e7e6
		f3f4
		e6e5
		g3g4
		f7f6
		h3h4
		f6f5
		g4g5
		g7g6
		h4h5
		h7h6
		a3b4
		a4a3
		b4b5
Evaluation:
	startpos
	moves
		a2a3
		a7a6
		b2b3
		a6a5
		c2c3
		a5a4
		d2d3
		b7b6
		e2e3
		b6b5
		f2f3
		b5b4
		g2g3
		c7c6
		h2h3
		c6c5
		c3c4
		d7d6
		d3d4
		d6d5
		e3e4
		e7e6
		f3f4
		e6e5
		g3g4
		f7f6
		h3h4
		f6f5
		g4g5
		g7g6
		h4h5
		h7h6
		a3b4
		a4a3
		b4b5
		a3a2
Evaluation:
	startpos
	moves
		a2a3
		a7a6
		b2b3
		a6a5
		c2c3
		a5a4
		d2d3
		b7b6
		e2e3
		b6b5
		f2f3
		b5b4
		g2g3
		c7c6
		h2h3
		c6c5
		c3c4
		d7d6
		d3d4
		d6d5
		e3e4
		e7e6
		f3f4
		e6e5
		g3g4
		f7f6
		h3h4
		f6f5
		g4g5
		g7g6
		h4h5
		h7h6
		a3b4
		a4a3
		b4b5
		a3a2
		b3b4
Evaluation:
	startpos
	moves
		a2a3
		a7a6
		b2b3
		a6a5
		c2c3
		a5a4
		d2d3
		b7b6
		e2e3
		b6b5
		f2f3
		b5b4
		g2g3
		c7c6
		h2h3
		c6c5
		c3c4
		d7d6
		d3d4
		d6d5
		e3e4
		e7e6
		f3f4
		e6e5
		g3g4
		f7f6
		h3h4
		f6f5
		g4g5
		g7g6
		h4h5
		h7h6
		a3b4
		a4a3
		b4b5
		a3a2
		b3b4
		a2b1q
Evaluation:
	startpos
	moves
		a2a3
		a7a6
		b2b3
		a6a5
		c2c3
		a5a4
		d2d3
		b7b6
		e2e3
		b6b5
		f2f3
		b5b4
		g2g3
		c7c6
		h2h3
		c6c5
		c3c4
		d7d6
		d3d4
		d6d5
		e3e4
		e7e6
		f3f4
		e6e5
		g3g4
		f7f6
		h3h4
		f6f5
		g4g5
		g7g6
		h4h5
		h7h6
		a3b4
		a4a3
		b4b5
		a3a2
		b3b4
		a2b1q
		b5b6
Evaluation:
	startpos
	moves
		a2a3
		a7a6
		b2b3
		a6a5
		c2c3
		a5a4
		d2d3
		b7b6
		e2e3
		b6b5
		f2f3
		b5b4
		g2g3
		c7c6
		h2h3
		c6c5
		c3c4
		d7d6
		d3d4
		d6d5
		e3e4
		e7e6
		f3f4
		e6e5
		g3g4
		f7f6
		h3h4
		f6f5
		g4g5
		g7g6
		h4h5
		h7h6
		a3b4
		a4a3
		b4b5
		a3a2
		b3b4
		a2b1q
		b5b6
		c5b4
Evaluation:
	startpos
	moves
		a2a3
		a7a6
		b2b3
		a6a5
		c2c3
		a5a4
		d2d3
		b7b6
		e2e3
		b6b5
		f2f3
		b5b4
		g2g3
		c7c6
		h2h3
		c6c5
		c3c4
		d7d6
		d3d4
		d6d5
		e3e4
		e7e6
		f3f4
		e6e5
		g3g4
		f7f6
		h3h4
		f6f5
		g4g5
		g7g6
		h4h5
		h7h6
		a3b4
		a4a3
		b4b5
		a3a2
		b3b4
		a2b1q
		b5b6
		c5b4
		c4c5
Evaluation:
	startpos
	moves
		a2a3
		a7a6
		b2b3
		a6a5
		c2c3
		a5a4
		d2d3
		b7b6
		e2e3
		b6b5
		f2f3
		b5b4
		g2g3
		c7c6
		h2h3
		c6c5
		c3c4
		d7d6
		d3d4
		d6d5
		e3e4
		e7e6
		f3f4
		e6e5
		g3g4
		f7f6
		h3h4
		f6f5
		g4g5
		g7g6
		h4h5
		h7h6
		a3b4
		a4a3
		b4b5
		a3a2
		b3b4
		a2b1q
		b5b6
		c5b4
		c4c5
		b4b3
Evaluation:
	startpos
	moves
		a2a3
		a7a6
		b2b3
		a6a5
		c2c3
		a5a4
		d2d3
		b7b6
		e2e3
		b6b5
		f2f3
		b5b4
		g2g3
		c7c6
		h2h3
		c6c5
		c3c4
		d7d6
		d3d4
		d6d5
		e3e4
		e7e6
		f3f4
		e6e5
		g3g4
		f7f6
		h3h4
		f6f5
		g4g5
		g7g6
		h4h5
		h7h6
		a3b4
		a4a3
		b4b5
		a3a2
		b3b4
		a2b1q
		b5b6
		c5b4
		c4c5
		b4b3
		c5c6
Evaluation:
	startpos
	moves
		a2a3
		a7a6
		b2b3
		a6a5
		c2c3
		a5a4
		d2d3
		b7b6
		e2e3
		b6b5
		f2f3
		b5b4
		g2g3
		c7c6
		h2h3
		c6c5
		c3c4
		d7d6
		d3d4
		d6d5
		e3e4
		e7e6
		f3f4
		e6e5
		g3g4
		f7f6
		h3h4
		f6f5
		g4g5
		g7g6
		h4h5
		h7h6
		a3b4
		a4a3
		b4b5
		a3a2
		b3b4
		a2b1q
		b5b6
		c5b4
		c4c5
		b4b3
		c5c6
		b3b2
Evaluation:
	startpos
	moves
		a2a3
		a7a6
		b2b3
		a6a5
		c2c3
		a5a4
		d2d3
		b7b6
		e2e3
		b6b5
		f2f3
		b5b4
		g2g3
		c7c6
		h2h3
		c6c5
		c3c4
		d7d6
		d3d4
		d6d5
		e3e4
		e7e6
		f3f4
		e6e5
		g3g4
		f7f6
		h3h4
		f6f5
		g4g5
		g7g6
		h4h5
		h7h6
		a3b4
		a4a3
		b4b5
		a3a2
		b3b4
		a2b1q
		b5b6
		c5b4
		c4c5
		b4b3
		c5c6
		b3b2
		b6b7
Evaluation:
	startpos
	moves
		a2a3
		a7a6
		b2b3
		a6a5
		c2c3
		a5a4
		d2d3
		b7b6
		e2e3
		b6b5
		f2f3
		b5b4
		g2g3
		c7c6
		h2h3
		c6c5
		c3c4
		d7d6
		d3d4
		d6d5
		e3e4
		e7e6
		f3f4
		e6e5
		g3g4
		f7f6
		h3h4
		f6f5
		g4g5
		g7g6
		h4h5
		h7h6
		a3b4
		a4a3
		b4b5
		a3a2
		b3b4
		a2b1q
		b5b6
		c5b4
		c4c5
		b4b3
		c5c6
		b3b2
		b6b7
		b2a1q
Evaluation:
	startpos
	moves
		a2a3
		a7a6
		b2b3
		a6a5
		c2c3
		a5a4
		d2d3
		b7b6
		e2e3
		b6b5
		f2f3
		b5b4
		g2g3
		c7c6
		h2h3
		c6c5
		c3c4
		d7d6
		d3d4
		d6d5
		e3e4
		e7e6
		f3f4
		e6e5
		g3g4
		f7f6
		h3h4
		f6f5
		g4g5
		g7g6
		h4h5
		h7h6
		a3b4
		a4a3
		b4b5
		a3a2
		b3b4
		a2b1q
		b5b6
		c5b4
		c4c5
		b4b3
		c5c6
		b3b2
		b6b7
		b2a1q
		c6c7
Evaluation:
	startpos
	moves
		a2a3
		a7a6
		b2b3
		a6a5
		c2c3
		a5a4
		d2d3
		b7b6
		e2e3
		b6b5
		f2f3
		b5b4
		g2g3
		c7c6
		h2h3
		c6c5
		c3c4
		d7d6
		d3d4
		d6d5
		e3e4
		e7e6
		f3f4
		e6e5
		g3g4
		f7f6
		h3h4
		f6f5
		g4g5
		g7g6
		h4h5
		h7h6
		a3b4
		a4a3
		b4b5
		a3a2
		b3b4
		a2b1q
		b5b6
		c5b4
		c4c5
		b4b3
		c5c6
		b3b2
		b6b7
		b2a1q
		c6c7
		e5d4
Evaluation:
	startpos
	moves
		a2a3
		a7a6
		b2b3
		a6a5
		c2c3
		a5a4
		d2d3
		b7b6
		e2e3
		b6b5
		f2f3
		b5b4
		g2g3
		c7c6
		h2h3
		c6c5
		c3c4
		d7d6
		d3d4
		d6d5
		e3e4
		e7e6
		f3f4
		e6e5
		g3g4
		f7f6
		h3h4
		f6f5
		g4g5
		g7g6
		h4h5
		h7h6
		a3b4
		a4a3
		b4b5
		a3a2
		b3b4
		a2b1q
		b5b6
		c5b4
		c4c5
		b4b3
		c5c6
		b3b2
		b6b7
		b2a1q
		c6c7
		e5d4
		e4e5
Evaluation:
	startpos
	moves
		a2a3
		a7a6
		b2b3
		a6a5
		c2c3
		a5a4
		d2d3
		b7b6
		e2e3
		b6b5
		f2f3
		b5b4
		g2g3
		c7c6
		h2h3
		c6c5
		c3c4
		d7d6
		d3d4
		d6d5
		e3e4
		e7e6
		f3f4
		e6e5
		g3g4
		f7f6
		h3h4
		f6f5
		g4g5
		g7g6
		h4h5
		h7h6
		a3b4
		a4a3
		b4b5
		a3a2
		b3b4
		a2b1q
		b5b6
		c5b4
		c4c5
		b4b3
		c5c6
		b3b2
		b6b7
		b2a1q
		c6c7
		e5d4
		e4e5
		d4d3
Evaluation:
	startpos
	moves
		a2a3
		a7a6
		b2b3
		a6a5
		c2c3
		a5a4
		d2d3
		b7b6
		e2e3
		b6b5
		f2f3
		b5b4
		g2g3
		c7c6
		h2h3
		c6c5
		c3c4
		d7d6
		d3d4
		d6d5
		e3e4
		e7e6
		f3f4
		e6e5
		g3g4
		f7f6
		h3h4
		f6f5
		g4g5
		g7g6
		h4h5
		h7h6
		a3b4
		a4a3
		b4b5
		a3a2
		b3b4
		a2b1q
		b5b6
		c5b4
		c4c5
		b4b3
		c5c6
		b3b2
		b6b7
		b2a1q
		c6c7
		e5d4
		e4e5
		d4d3
		e5e6
Evaluation:
	startpos
	moves
		a2a3
		a7a6
		b2b3
		a6a5
		c2c3
		a5a4
		d2d3
		b7b6
		e2e3
		b6b5
		f2f3
		b5b4
		g2g3
		c7c6
		h2h3
		c6c5
		c3c4
		d7d6
		d3d4
		d6d5
		e3e4
		e7e6
		f3f4
		e6e5
		g3g4
		f7f6
		h3h4
		f6f5
		g4g5
		g7g6
		h4h5
		h7h6
		a3b4
		a4a3
		b4b5
		a3a2
		b3b4
		a2b1q
		b5b6
		c5b4
		c4c5
		b4b3
		c5c6
		b3b2
		b6b7
		b2a1q
		c6c7
		e5d4
		e4e5
		d4d3
		e5e6
		d3d2

	output:
		

Launched: Tue Mar 19 15:51:07 2024


unknown command "position"

Launched: Tue Mar 19 15:51:41 2024


unknown command "position"
Process exited: Tue Mar 19 15:51:53 2024


Launched: Tue Mar 19 15:52:03 2024


unknown command "position"

Launched: Tue Mar 19 15:52:33 2024


Launched: Tue Mar 19 15:52:57 2024

Evaluation:
	startpos
	
Evaluation:
	startpos
	moves
		a2a3
Evaluation:
	startpos
	moves
		a2a3
		a7a6

	output:
		
